<?xml version="1.0" encoding="UTF-8"?>
<!-- Generated by org.testng.reporters.JUnitReportReporter -->
<testsuite skipped="0" hostname="cmallikarju-a01.vmware.com" name="com.crm.qa.testcases.LoginPageTest" tests="1" failures="0" timestamp="2020-06-30T12:53:54 EDT" time="9.007" errors="0">
  <testcase name="loginTest" time="9.007" classname="com.crm.qa.testcases.LoginPageTest"/>
  <system-out/>
</testsuite> <!-- com.crm.qa.testcases.LoginPageTest -->
