<?xml version="1.0" encoding="UTF-8"?>
<!-- Generated by org.testng.reporters.JUnitReportReporter -->
<testsuite skipped="0" hostname="cmallikarju-a01.vmware.com" name="com.crm.qa.testcases.ContactsPageTest" tests="2" failures="0" timestamp="2020-06-30T12:51:53 EDT" time="10.105" errors="0">
  <testcase name="tearDown" time="5.356" classname="com.crm.qa.testcases.ContactsPageTest"/>
  <system-out/>
  <testcase name="verifyContactsPageLabel" time="4.749" classname="com.crm.qa.testcases.ContactsPageTest"/>
  <system-out/>
</testsuite> <!-- com.crm.qa.testcases.ContactsPageTest -->
