<?xml version="1.0" encoding="UTF-8"?>
<!-- Generated by org.testng.reporters.JUnitReportReporter -->
<testsuite skipped="0" hostname="cmallikarju-a01.vmware.com" name="com.crm.qa.testcases.HomePageTest" tests="2" failures="0" timestamp="2020-07-09T09:37:40 EDT" time="8.689" errors="0">
  <testcase name="verifyHomePageTitle" time="3.982" classname="com.crm.qa.testcases.HomePageTest"/>
  <system-out/>
  <testcase name="verifyContactsLink" time="4.707" classname="com.crm.qa.testcases.HomePageTest"/>
  <system-out/>
</testsuite> <!-- com.crm.qa.testcases.HomePageTest -->
