<?xml version="1.0" encoding="UTF-8"?>
<!-- Generated by org.testng.reporters.JUnitReportReporter -->
<testsuite skipped="0" hostname="cmallikarju-a01.vmware.com" name="com.crm.qa.testcases.HomePageTest" tests="2" failures="0" timestamp="2020-06-30T11:53:03 EDT" time="12.261" errors="0">
  <testcase name="verifyHomePageTitle" time="4.012" classname="com.crm.qa.testcases.HomePageTest"/>
  <system-out/>
  <testcase name="verifyContactsLink" time="8.249" classname="com.crm.qa.testcases.HomePageTest"/>
  <system-out/>
</testsuite> <!-- com.crm.qa.testcases.HomePageTest -->
